[0428/094502.502:ERROR:process_memory_win.cc(73)] ReadMemory at 0x7ff6929e0000 of 64 bytes failed: Only part of a ReadProcessMemory or WriteProcessMemory request was completed. (0x12B)
[0428/094502.503:WARNING:pe_image_reader.cc(340)] could not read dos header from C:\Program Files (x86)\Google\Chrome\Application\chrome.exe
[0428/094502.503:ERROR:process_memory_win.cc(73)] ReadMemory at 0x7ffb75240000 of 64 bytes failed: Only part of a ReadProcessMemory or WriteProcessMemory request was completed. (0x12B)
[0428/094502.503:WARNING:pe_image_reader.cc(340)] could not read dos header from C:\WINDOWS\SYSTEM32\ntdll.dll
[0428/094502.503:ERROR:process_memory_win.cc(73)] ReadMemory at 0x7ffb74be0000 of 64 bytes failed: Only part of a ReadProcessMemory or WriteProcessMemory request was completed. (0x12B)
[0428/094502.503:WARNING:pe_image_reader.cc(340)] could not read dos header from C:\WINDOWS\System32\KERNEL32.DLL
[0428/094502.503:ERROR:process_memory_win.cc(73)] ReadMemory at 0x7ffb72410000 of 64 bytes failed: Only part of a ReadProcessMemory or WriteProcessMemory request was completed. (0x12B)
[0428/094502.503:WARNING:pe_image_reader.cc(340)] could not read dos header from C:\WINDOWS\System32\KERNELBASE.dll
[0428/094502.503:ERROR:process_memory_win.cc(73)] ReadMemory at 0x7ffb506f0000 of 64 bytes failed: Only part of a ReadProcessMemory or WriteProcessMemory request was completed. (0x12B)
[0428/094502.503:WARNING:pe_image_reader.cc(340)] could not read dos header from C:\Program Files (x86)\Google\Chrome\Application\81.0.4044.122\chrome_elf.dll
[0428/094502.503:ERROR:process_memory_win.cc(73)] ReadMemory at 0x7ffb61a80000 of 64 bytes failed: Only part of a ReadProcessMemory or WriteProcessMemory request was completed. (0x12B)
[0428/094502.503:WARNING:pe_image_reader.cc(340)] could not read dos header from C:\WINDOWS\SYSTEM32\VERSION.dll
[0428/094502.503:ERROR:process_memory_win.cc(73)] ReadMemory at 0x7ffb74de0000 of 64 bytes failed: Only part of a ReadProcessMemory or WriteProcessMemory request was completed. (0x12B)
[0428/094502.503:WARNING:pe_image_reader.cc(340)] could not read dos header from C:\WINDOWS\System32\msvcrt.dll
[0428/094502.503:ERROR:process_memory_win.cc(73)] ReadMemory at 0x7ffb727d0000 of 64 bytes failed: Only part of a ReadProcessMemory or WriteProcessMemory request was completed. (0x12B)
[0428/094502.503:WARNING:pe_image_reader.cc(340)] could not read dos header from C:\WINDOWS\System32\bcryptPrimitives.dll
[0428/094502.503:ERROR:process_memory_win.cc(73)] ReadMemory at 0x7ffb74770000 of 64 bytes failed: Only part of a ReadProcessMemory or WriteProcessMemory request was completed. (0x12B)
[0428/094502.503:WARNING:pe_image_reader.cc(340)] could not read dos header from C:\WINDOWS\System32\ADVAPI32.dll
[0428/094502.503:ERROR:process_memory_win.cc(73)] ReadMemory at 0x7ffb73860000 of 64 bytes failed: Only part of a ReadProcessMemory or WriteProcessMemory request was completed. (0x12B)
[0428/094502.503:WARNING:pe_image_reader.cc(340)] could not read dos header from C:\WINDOWS\System32\sechost.dll
[0428/094502.503:ERROR:process_memory_win.cc(73)] ReadMemory at 0x7ffb75050000 of 64 bytes failed: Only part of a ReadProcessMemory or WriteProcessMemory request was completed. (0x12B)
[0428/094502.504:WARNING:pe_image_reader.cc(340)] could not read dos header from C:\WINDOWS\System32\RPCRT4.dll
[0428/094502.504:ERROR:process_memory_win.cc(73)] ReadMemory at 0x7ffb21fa0000 of 64 bytes failed: Only part of a ReadProcessMemory or WriteProcessMemory request was completed. (0x12B)
[0428/094502.504:WARNING:pe_image_reader.cc(340)] could not read dos header from C:\Program Files (x86)\Google\Chrome\Application\81.0.4044.122\chrome.dll
[0428/094502.504:ERROR:process_memory_win.cc(73)] ReadMemory at 0x7ffb737c0000 of 64 bytes failed: Only part of a ReadProcessMemory or WriteProcessMemory request was completed. (0x12B)
[0428/094502.504:WARNING:pe_image_reader.cc(340)] could not read dos header from C:\WINDOWS\System32\WS2_32.dll
[0428/094502.504:ERROR:process_memory_win.cc(73)] ReadMemory at 0x22a82690000 of 64 bytes failed: Only part of a ReadProcessMemory or WriteProcessMemory request was completed. (0x12B)
[0428/094502.504:WARNING:pe_image_reader.cc(340)] could not read dos header from C:\WINDOWS\System32\OLEAUT32.dll
[0428/094502.504:ERROR:process_memory_win.cc(73)] ReadMemory at 0x7ffb72370000 of 64 bytes failed: Only part of a ReadProcessMemory or WriteProcessMemory request was completed. (0x12B)
[0428/094502.504:WARNING:pe_image_reader.cc(340)] could not read dos header from C:\WINDOWS\System32\msvcp_win.dll
[0428/094502.504:ERROR:process_memory_win.cc(73)] ReadMemory at 0x7ffb728d0000 of 64 bytes failed: Only part of a ReadProcessMemory or WriteProcessMemory request was completed. (0x12B)
[0428/094502.504:WARNING:pe_image_reader.cc(340)] could not read dos header from C:\WINDOWS\System32\ucrtbase.dll
[0428/094502.504:ERROR:process_memory_win.cc(73)] ReadMemory at 0x7ffb748a0000 of 64 bytes failed: Only part of a ReadProcessMemory or WriteProcessMemory request was completed. (0x12B)
[0428/094502.504:WARNING:pe_image_reader.cc(340)] could not read dos header from C:\WINDOWS\System32\combase.dll
[0428/094502.504:ERROR:process_memory_win.cc(73)] ReadMemory at 0x7ffb72850000 of 64 bytes failed: Only part of a ReadProcessMemory or WriteProcessMemory request was completed. (0x12B)
[0428/094502.504:WARNING:pe_image_reader.cc(340)] could not read dos header from C:\WINDOWS\System32\WINTRUST.dll
[0428/094502.504:ERROR:process_memory_win.cc(73)] ReadMemory at 0x7ffb72110000 of 64 bytes failed: Only part of a ReadProcessMemory or WriteProcessMemory request was completed. (0x12B)
[0428/094502.504:WARNING:pe_image_reader.cc(340)] could not read dos header from C:\WINDOWS\System32\MSASN1.dll
[0428/094502.504:ERROR:process_memory_win.cc(73)] ReadMemory at 0x7ffb72220000 of 64 bytes failed: Only part of a ReadProcessMemory or WriteProcessMemory request was completed. (0x12B)
[0428/094502.504:WARNING:pe_image_reader.cc(340)] could not read dos header from C:\WINDOWS\System32\CRYPT32.dll
[0428/094502.504:ERROR:process_memory_win.cc(73)] ReadMemory at 0x7ffb71680000 of 64 bytes failed: Only part of a ReadProcessMemory or WriteProcessMemory request was completed. (0x12B)
[0428/094502.504:WARNING:pe_image_reader.cc(340)] could not read dos header from C:\WINDOWS\SYSTEM32\IPHLPAPI.DLL
[0428/094502.504:ERROR:process_memory_win.cc(73)] ReadMemory at 0x7ffb6e460000 of 64 bytes failed: Only part of a ReadProcessMemory or WriteProcessMemory request was completed. (0x12B)
[0428/094502.504:WARNING:pe_image_reader.cc(340)] could not read dos header from C:\WINDOWS\SYSTEM32\WINMM.dll
[0428/094502.504:ERROR:process_memory_win.cc(73)] ReadMemory at 0x7ffb5e360000 of 64 bytes failed: Only part of a ReadProcessMemory or WriteProcessMemory request was completed. (0x12B)
[0428/094502.504:WARNING:pe_image_reader.cc(340)] could not read dos header from C:\WINDOWS\SYSTEM32\Secur32.dll
[0428/094502.504:ERROR:process_memory_win.cc(73)] ReadMemory at 0x7ffb72020000 of 64 bytes failed: Only part of a ReadProcessMemory or WriteProcessMemory request was completed. (0x12B)
[0428/094502.504:WARNING:pe_image_reader.cc(340)] could not read dos header from C:\WINDOWS\SYSTEM32\USERENV.dll
[0428/094502.504:ERROR:process_memory_win.cc(73)] ReadMemory at 0x7ffb72150000 of 64 bytes failed: Only part of a ReadProcessMemory or WriteProcessMemory request was completed. (0x12B)
[0428/094502.504:WARNING:pe_image_reader.cc(340)] could not read dos header from C:\WINDOWS\System32\profapi.dll
[0428/094502.504:ERROR:process_memory_win.cc(73)] ReadMemory at 0x7ffb53a70000 of 64 bytes failed: Only part of a ReadProcessMemory or WriteProcessMemory request was completed. (0x12B)
[0428/094502.504:WARNING:pe_image_reader.cc(340)] could not read dos header from C:\WINDOWS\SYSTEM32\UIAutomationCore.DLL
[0428/094502.504:ERROR:process_memory_win.cc(73)] ReadMemory at 0x7ffb5d520000 of 64 bytes failed: Only part of a ReadProcessMemory or WriteProcessMemory request was completed. (0x12B)
[0428/094502.504:WARNING:pe_image_reader.cc(340)] could not read dos header from C:\WINDOWS\SYSTEM32\DWrite.dll
[0428/094502.504:ERROR:process_memory_win.cc(73)] ReadMemory at 0x7ffb628d0000 of 64 bytes failed: Only part of a ReadProcessMemory or WriteProcessMemory request was completed. (0x12B)
[0428/094502.504:WARNING:pe_image_reader.cc(340)] could not read dos header from C:\WINDOWS\SYSTEM32\WINSPOOL.DRV
[0428/094502.504:ERROR:process_memory_win.cc(73)] ReadMemory at 0x7ffb72130000 of 64 bytes failed: Only part of a ReadProcessMemory or WriteProcessMemory request was completed. (0x12B)
[0428/094502.504:WARNING:pe_image_reader.cc(340)] could not read dos header from C:\WINDOWS\System32\kernel.appcore.dll
[0428/094502.504:ERROR:process_memory_win.cc(73)] ReadMemory at 0x7ffb727a0000 of 64 bytes failed: Only part of a ReadProcessMemory or WriteProcessMemory request was completed. (0x12B)
[0428/094502.505:WARNING:pe_image_reader.cc(340)] could not read dos header from C:\WINDOWS\System32\bcrypt.dll
[0428/094502.505:ERROR:process_memory_win.cc(73)] ReadMemory at 0x7ffb5fb00000 of 64 bytes failed: Only part of a ReadProcessMemory or WriteProcessMemory request was completed. (0x12B)
[0428/094502.505:WARNING:pe_image_reader.cc(340)] could not read dos header from C:\WINDOWS\SYSTEM32\dbghelp.dll
[0428/094502.505:ERROR:process_memory_win.cc(73)] ReadMemory at 0x7ffb63770000 of 64 bytes failed: Only part of a ReadProcessMemory or WriteProcessMemory request was completed. (0x12B)
[0428/094502.505:WARNING:pe_image_reader.cc(340)] could not read dos header from C:\WINDOWS\SYSTEM32\WINHTTP.dll
[0428/094502.505:ERROR:process_memory_win.cc(73)] ReadMemory at 0x7ffb66070000 of 64 bytes failed: Only part of a ReadProcessMemory or WriteProcessMemory request was completed. (0x12B)
[0428/094502.505:WARNING:pe_image_reader.cc(340)] could not read dos header from C:\WINDOWS\SYSTEM32\dhcpcsvc.DLL
[0428/094502.505:ERROR:process_memory_win.cc(73)] ReadMemory at 0x7ffb737b0000 of 64 bytes failed: Only part of a ReadProcessMemory or WriteProcessMemory request was completed. (0x12B)
[0428/094502.505:WARNING:pe_image_reader.cc(340)] could not read dos header from C:\WINDOWS\System32\NSI.dll
[0428/094502.505:ERROR:process_memory_win.cc(73)] ReadMemory at 0x7ffb6e430000 of 64 bytes failed: Only part of a ReadProcessMemory or WriteProcessMemory request was completed. (0x12B)
[0428/094502.505:WARNING:pe_image_reader.cc(340)] could not read dos header from C:\WINDOWS\SYSTEM32\WINMMBASE.dll
[0428/094502.505:ERROR:process_memory_win.cc(73)] ReadMemory at 0x7ffb721d0000 of 64 bytes failed: Only part of a ReadProcessMemory or WriteProcessMemory request was completed. (0x12B)
[0428/094502.505:WARNING:pe_image_reader.cc(340)] could not read dos header from C:\WINDOWS\System32\cfgmgr32.dll
[0428/094502.505:ERROR:process_memory_win.cc(73)] ReadMemory at 0x7ffb6e050000 of 64 bytes failed: Only part of a ReadProcessMemory or WriteProcessMemory request was completed. (0x12B)
[0428/094502.505:WARNING:pe_image_reader.cc(340)] could not read dos header from C:\WINDOWS\SYSTEM32\PROPSYS.dll
[0428/094502.505:ERROR:process_memory_win.cc(73)] ReadMemory at 0x7ffb74ed0000 of 64 bytes failed: Only part of a ReadProcessMemory or WriteProcessMemory request was completed. (0x12B)
[0428/094502.505:WARNING:pe_image_reader.cc(340)] could not read dos header from C:\WINDOWS\System32\shcore.dll
[0428/094502.505:ERROR:process_memory_win.cc(73)] ReadMemory at 0x7ffb71ff0000 of 64 bytes failed: Only part of a ReadProcessMemory or WriteProcessMemory request was completed. (0x12B)
[0428/094502.505:WARNING:pe_image_reader.cc(340)] could not read dos header from C:\WINDOWS\SYSTEM32\SSPICLI.DLL
[0428/094502.505:ERROR:process_memory_win.cc(73)] ReadMemory at 0x7ffb71b40000 of 64 bytes failed: Only part of a ReadProcessMemory or WriteProcessMemory request was completed. (0x12B)
[0428/094502.505:WARNING:pe_image_reader.cc(340)] could not read dos header from C:\WINDOWS\SYSTEM32\CRYPTBASE.DLL
[0428/094502.512:ERROR:process_memory_win.cc(73)] ReadMemory at 0x7ff6929e0000 of 64 bytes failed: Only part of a ReadProcessMemory or WriteProcessMemory request was completed. (0x12B)
[0428/094502.512:WARNING:pe_image_reader.cc(340)] could not read dos header from C:\Program Files (x86)\Google\Chrome\Application\chrome.exe
[0428/094502.512:ERROR:process_memory_win.cc(73)] ReadMemory at 0x7ffb75240000 of 64 bytes failed: Only part of a ReadProcessMemory or WriteProcessMemory request was completed. (0x12B)
[0428/094502.512:WARNING:pe_image_reader.cc(340)] could not read dos header from C:\WINDOWS\SYSTEM32\ntdll.dll
[0428/094502.512:ERROR:process_memory_win.cc(73)] ReadMemory at 0x7ffb74be0000 of 64 bytes failed: Only part of a ReadProcessMemory or WriteProcessMemory request was completed. (0x12B)
[0428/094502.512:WARNING:pe_image_reader.cc(340)] could not read dos header from C:\WINDOWS\System32\KERNEL32.DLL
[0428/094502.512:ERROR:process_memory_win.cc(73)] ReadMemory at 0x7ffb72410000 of 64 bytes failed: Only part of a ReadProcessMemory or WriteProcessMemory request was completed. (0x12B)
[0428/094502.512:WARNING:pe_image_reader.cc(340)] could not read dos header from C:\WINDOWS\System32\KERNELBASE.dll
[0428/094502.512:ERROR:process_memory_win.cc(73)] ReadMemory at 0x7ffb506f0000 of 64 bytes failed: Only part of a ReadProcessMemory or WriteProcessMemory request was completed. (0x12B)
[0428/094502.512:WARNING:pe_image_reader.cc(340)] could not read dos header from C:\Program Files (x86)\Google\Chrome\Application\81.0.4044.122\chrome_elf.dll
[0428/094502.513:ERROR:process_memory_win.cc(73)] ReadMemory at 0x7ffb61a80000 of 64 bytes failed: Only part of a ReadProcessMemory or WriteProcessMemory request was completed. (0x12B)
[0428/094502.513:WARNING:pe_image_reader.cc(340)] could not read dos header from C:\WINDOWS\SYSTEM32\VERSION.dll
[0428/094502.513:ERROR:process_memory_win.cc(73)] ReadMemory at 0x7ffb74de0000 of 64 bytes failed: Only part of a ReadProcessMemory or WriteProcessMemory request was completed. (0x12B)
[0428/094502.513:WARNING:pe_image_reader.cc(340)] could not read dos header from C:\WINDOWS\System32\msvcrt.dll
[0428/094502.513:ERROR:process_memory_win.cc(73)] ReadMemory at 0x7ffb727d0000 of 64 bytes failed: Only part of a ReadProcessMemory or WriteProcessMemory request was completed. (0x12B)
[0428/094502.513:WARNING:pe_image_reader.cc(340)] could not read dos header from C:\WINDOWS\System32\bcryptPrimitives.dll
[0428/094502.513:ERROR:process_memory_win.cc(73)] ReadMemory at 0x7ffb74770000 of 64 bytes failed: Only part of a ReadProcessMemory or WriteProcessMemory request was completed. (0x12B)
[0428/094502.513:WARNING:pe_image_reader.cc(340)] could not read dos header from C:\WINDOWS\System32\ADVAPI32.dll
[0428/094502.513:ERROR:process_memory_win.cc(73)] ReadMemory at 0x7ffb73860000 of 64 bytes failed: Only part of a ReadProcessMemory or WriteProcessMemory request was completed. (0x12B)
[0428/094502.513:WARNING:pe_image_reader.cc(340)] could not read dos header from C:\WINDOWS\System32\sechost.dll
[0428/094502.513:ERROR:process_memory_win.cc(73)] ReadMemory at 0x7ffb75050000 of 64 bytes failed: Only part of a ReadProcessMemory or WriteProcessMemory request was completed. (0x12B)
[0428/094502.513:WARNING:pe_image_reader.cc(340)] could not read dos header from C:\WINDOWS\System32\RPCRT4.dll
[0428/094502.513:ERROR:process_memory_win.cc(73)] ReadMemory at 0x7ffb21fa0000 of 64 bytes failed: Only part of a ReadProcessMemory or WriteProcessMemory request was completed. (0x12B)
[0428/094502.513:WARNING:pe_image_reader.cc(340)] could not read dos header from C:\Program Files (x86)\Google\Chrome\Application\81.0.4044.122\chrome.dll
[0428/094502.513:ERROR:process_memory_win.cc(73)] ReadMemory at 0x7ffb737c0000 of 64 bytes failed: Only part of a ReadProcessMemory or WriteProcessMemory request was completed. (0x12B)
[0428/094502.513:WARNING:pe_image_reader.cc(340)] could not read dos header from C:\WINDOWS\System32\WS2_32.dll
[0428/094502.513:ERROR:process_memory_win.cc(73)] ReadMemory at 0x22a82690000 of 64 bytes failed: Only part of a ReadProcessMemory or WriteProcessMemory request was completed. (0x12B)
[0428/094502.513:WARNING:pe_image_reader.cc(340)] could not read dos header from C:\WINDOWS\System32\OLEAUT32.dll
[0428/094502.513:ERROR:process_memory_win.cc(73)] ReadMemory at 0x7ffb72370000 of 64 bytes failed: Only part of a ReadProcessMemory or WriteProcessMemory request was completed. (0x12B)
[0428/094502.513:WARNING:pe_image_reader.cc(340)] could not read dos header from C:\WINDOWS\System32\msvcp_win.dll
[0428/094502.513:ERROR:process_memory_win.cc(73)] ReadMemory at 0x7ffb728d0000 of 64 bytes failed: Only part of a ReadProcessMemory or WriteProcessMemory request was completed. (0x12B)
[0428/094502.513:WARNING:pe_image_reader.cc(340)] could not read dos header from C:\WINDOWS\System32\ucrtbase.dll
[0428/094502.513:ERROR:process_memory_win.cc(73)] ReadMemory at 0x7ffb748a0000 of 64 bytes failed: Only part of a ReadProcessMemory or WriteProcessMemory request was completed. (0x12B)
[0428/094502.513:WARNING:pe_image_reader.cc(340)] could not read dos header from C:\WINDOWS\System32\combase.dll
[0428/094502.513:ERROR:process_memory_win.cc(73)] ReadMemory at 0x7ffb72850000 of 64 bytes failed: Only part of a ReadProcessMemory or WriteProcessMemory request was completed. (0x12B)
[0428/094502.513:WARNING:pe_image_reader.cc(340)] could not read dos header from C:\WINDOWS\System32\WINTRUST.dll
[0428/094502.513:ERROR:process_memory_win.cc(73)] ReadMemory at 0x7ffb72110000 of 64 bytes failed: Only part of a ReadProcessMemory or WriteProcessMemory request was completed. (0x12B)
[0428/094502.513:WARNING:pe_image_reader.cc(340)] could not read dos header from C:\WINDOWS\System32\MSASN1.dll
[0428/094502.513:ERROR:process_memory_win.cc(73)] ReadMemory at 0x7ffb72220000 of 64 bytes failed: Only part of a ReadProcessMemory or WriteProcessMemory request was completed. (0x12B)
[0428/094502.513:WARNING:pe_image_reader.cc(340)] could not read dos header from C:\WINDOWS\System32\CRYPT32.dll
[0428/094502.513:ERROR:process_memory_win.cc(73)] ReadMemory at 0x7ffb71680000 of 64 bytes failed: Only part of a ReadProcessMemory or WriteProcessMemory request was completed. (0x12B)
[0428/094502.513:WARNING:pe_image_reader.cc(340)] could not read dos header from C:\WINDOWS\SYSTEM32\IPHLPAPI.DLL
[0428/094502.514:ERROR:process_memory_win.cc(73)] ReadMemory at 0x7ffb6e460000 of 64 bytes failed: Only part of a ReadProcessMemory or WriteProcessMemory request was completed. (0x12B)
[0428/094502.514:WARNING:pe_image_reader.cc(340)] could not read dos header from C:\WINDOWS\SYSTEM32\WINMM.dll
[0428/094502.514:ERROR:process_memory_win.cc(73)] ReadMemory at 0x7ffb5e360000 of 64 bytes failed: Only part of a ReadProcessMemory or WriteProcessMemory request was completed. (0x12B)
[0428/094502.514:WARNING:pe_image_reader.cc(340)] could not read dos header from C:\WINDOWS\SYSTEM32\Secur32.dll
[0428/094502.514:ERROR:process_memory_win.cc(73)] ReadMemory at 0x7ffb72020000 of 64 bytes failed: Only part of a ReadProcessMemory or WriteProcessMemory request was completed. (0x12B)
[0428/094502.514:WARNING:pe_image_reader.cc(340)] could not read dos header from C:\WINDOWS\SYSTEM32\USERENV.dll
[0428/094502.514:ERROR:process_memory_win.cc(73)] ReadMemory at 0x7ffb72150000 of 64 bytes failed: Only part of a ReadProcessMemory or WriteProcessMemory request was completed. (0x12B)
[0428/094502.514:WARNING:pe_image_reader.cc(340)] could not read dos header from C:\WINDOWS\System32\profapi.dll
[0428/094502.514:ERROR:process_memory_win.cc(73)] ReadMemory at 0x7ffb53a70000 of 64 bytes failed: Only part of a ReadProcessMemory or WriteProcessMemory request was completed. (0x12B)
[0428/094502.514:WARNING:pe_image_reader.cc(340)] could not read dos header from C:\WINDOWS\SYSTEM32\UIAutomationCore.DLL
[0428/094502.514:ERROR:process_memory_win.cc(73)] ReadMemory at 0x7ffb5d520000 of 64 bytes failed: Only part of a ReadProcessMemory or WriteProcessMemory request was completed. (0x12B)
[0428/094502.514:WARNING:pe_image_reader.cc(340)] could not read dos header from C:\WINDOWS\SYSTEM32\DWrite.dll
[0428/094502.514:ERROR:process_memory_win.cc(73)] ReadMemory at 0x7ffb628d0000 of 64 bytes failed: Only part of a ReadProcessMemory or WriteProcessMemory request was completed. (0x12B)
[0428/094502.514:WARNING:pe_image_reader.cc(340)] could not read dos header from C:\WINDOWS\SYSTEM32\WINSPOOL.DRV
[0428/094502.514:ERROR:process_memory_win.cc(73)] ReadMemory at 0x7ffb72130000 of 64 bytes failed: Only part of a ReadProcessMemory or WriteProcessMemory request was completed. (0x12B)
[0428/094502.514:WARNING:pe_image_reader.cc(340)] could not read dos header from C:\WINDOWS\System32\kernel.appcore.dll
[0428/094502.514:ERROR:process_memory_win.cc(73)] ReadMemory at 0x7ffb727a0000 of 64 bytes failed: Only part of a ReadProcessMemory or WriteProcessMemory request was completed. (0x12B)
[0428/094502.514:WARNING:pe_image_reader.cc(340)] could not read dos header from C:\WINDOWS\System32\bcrypt.dll
[0428/094502.514:ERROR:process_memory_win.cc(73)] ReadMemory at 0x7ffb5fb00000 of 64 bytes failed: Only part of a ReadProcessMemory or WriteProcessMemory request was completed. (0x12B)
[0428/094502.514:WARNING:pe_image_reader.cc(340)] could not read dos header from C:\WINDOWS\SYSTEM32\dbghelp.dll
[0428/094502.514:ERROR:process_memory_win.cc(73)] ReadMemory at 0x7ffb63770000 of 64 bytes failed: Only part of a ReadProcessMemory or WriteProcessMemory request was completed. (0x12B)
[0428/094502.514:WARNING:pe_image_reader.cc(340)] could not read dos header from C:\WINDOWS\SYSTEM32\WINHTTP.dll
[0428/094502.514:ERROR:process_memory_win.cc(73)] ReadMemory at 0x7ffb66070000 of 64 bytes failed: Only part of a ReadProcessMemory or WriteProcessMemory request was completed. (0x12B)
[0428/094502.514:WARNING:pe_image_reader.cc(340)] could not read dos header from C:\WINDOWS\SYSTEM32\dhcpcsvc.DLL
[0428/094502.514:ERROR:process_memory_win.cc(73)] ReadMemory at 0x7ffb737b0000 of 64 bytes failed: Only part of a ReadProcessMemory or WriteProcessMemory request was completed. (0x12B)
[0428/094502.514:WARNING:pe_image_reader.cc(340)] could not read dos header from C:\WINDOWS\System32\NSI.dll
[0428/094502.514:ERROR:process_memory_win.cc(73)] ReadMemory at 0x7ffb6e430000 of 64 bytes failed: Only part of a ReadProcessMemory or WriteProcessMemory request was completed. (0x12B)
[0428/094502.514:WARNING:pe_image_reader.cc(340)] could not read dos header from C:\WINDOWS\SYSTEM32\WINMMBASE.dll
[0428/094502.514:ERROR:process_memory_win.cc(73)] ReadMemory at 0x7ffb721d0000 of 64 bytes failed: Only part of a ReadProcessMemory or WriteProcessMemory request was completed. (0x12B)
[0428/094502.514:WARNING:pe_image_reader.cc(340)] could not read dos header from C:\WINDOWS\System32\cfgmgr32.dll
[0428/094502.514:ERROR:process_memory_win.cc(73)] ReadMemory at 0x7ffb6e050000 of 64 bytes failed: Only part of a ReadProcessMemory or WriteProcessMemory request was completed. (0x12B)
[0428/094502.514:WARNING:pe_image_reader.cc(340)] could not read dos header from C:\WINDOWS\SYSTEM32\PROPSYS.dll
[0428/094502.514:ERROR:process_memory_win.cc(73)] ReadMemory at 0x7ffb74ed0000 of 64 bytes failed: Only part of a ReadProcessMemory or WriteProcessMemory request was completed. (0x12B)
[0428/094502.514:WARNING:pe_image_reader.cc(340)] could not read dos header from C:\WINDOWS\System32\shcore.dll
[0428/094502.514:ERROR:process_memory_win.cc(73)] ReadMemory at 0x7ffb71ff0000 of 64 bytes failed: Only part of a ReadProcessMemory or WriteProcessMemory request was completed. (0x12B)
[0428/094502.514:WARNING:pe_image_reader.cc(340)] could not read dos header from C:\WINDOWS\SYSTEM32\SSPICLI.DLL
[0428/094502.514:ERROR:process_memory_win.cc(73)] ReadMemory at 0x7ffb71b40000 of 64 bytes failed: Only part of a ReadProcessMemory or WriteProcessMemory request was completed. (0x12B)
[0428/094502.514:WARNING:pe_image_reader.cc(340)] could not read dos header from C:\WINDOWS\SYSTEM32\CRYPTBASE.DLL
[0428/094502.514:ERROR:process_memory_win.cc(73)] ReadMemory at 0x7ff6929e0000 of 64 bytes failed: Only part of a ReadProcessMemory or WriteProcessMemory request was completed. (0x12B)
[0428/094502.514:WARNING:pe_image_reader.cc(340)] could not read dos header from C:\Program Files (x86)\Google\Chrome\Application\chrome.exe
[0428/094502.515:ERROR:process_memory_win.cc(73)] ReadMemory at 0x7ffb75240000 of 64 bytes failed: Only part of a ReadProcessMemory or WriteProcessMemory request was completed. (0x12B)
[0428/094502.515:WARNING:pe_image_reader.cc(340)] could not read dos header from C:\WINDOWS\SYSTEM32\ntdll.dll
[0428/094502.515:ERROR:process_memory_win.cc(73)] ReadMemory at 0x7ffb74be0000 of 64 bytes failed: Only part of a ReadProcessMemory or WriteProcessMemory request was completed. (0x12B)
[0428/094502.515:WARNING:pe_image_reader.cc(340)] could not read dos header from C:\WINDOWS\System32\KERNEL32.DLL
[0428/094502.515:ERROR:process_memory_win.cc(73)] ReadMemory at 0x7ffb72410000 of 64 bytes failed: Only part of a ReadProcessMemory or WriteProcessMemory request was completed. (0x12B)
[0428/094502.515:WARNING:pe_image_reader.cc(340)] could not read dos header from C:\WINDOWS\System32\KERNELBASE.dll
[0428/094502.515:ERROR:process_memory_win.cc(73)] ReadMemory at 0x7ffb506f0000 of 64 bytes failed: Only part of a ReadProcessMemory or WriteProcessMemory request was completed. (0x12B)
[0428/094502.515:WARNING:pe_image_reader.cc(340)] could not read dos header from C:\Program Files (x86)\Google\Chrome\Application\81.0.4044.122\chrome_elf.dll
[0428/094502.515:ERROR:process_memory_win.cc(73)] ReadMemory at 0x7ffb61a80000 of 64 bytes failed: Only part of a ReadProcessMemory or WriteProcessMemory request was completed. (0x12B)
[0428/094502.515:WARNING:pe_image_reader.cc(340)] could not read dos header from C:\WINDOWS\SYSTEM32\VERSION.dll
[0428/094502.515:ERROR:process_memory_win.cc(73)] ReadMemory at 0x7ffb74de0000 of 64 bytes failed: Only part of a ReadProcessMemory or WriteProcessMemory request was completed. (0x12B)
[0428/094502.515:WARNING:pe_image_reader.cc(340)] could not read dos header from C:\WINDOWS\System32\msvcrt.dll
[0428/094502.515:ERROR:process_memory_win.cc(73)] ReadMemory at 0x7ffb727d0000 of 64 bytes failed: Only part of a ReadProcessMemory or WriteProcessMemory request was completed. (0x12B)
[0428/094502.515:WARNING:pe_image_reader.cc(340)] could not read dos header from C:\WINDOWS\System32\bcryptPrimitives.dll
[0428/094502.515:ERROR:process_memory_win.cc(73)] ReadMemory at 0x7ffb74770000 of 64 bytes failed: Only part of a ReadProcessMemory or WriteProcessMemory request was completed. (0x12B)
[0428/094502.515:WARNING:pe_image_reader.cc(340)] could not read dos header from C:\WINDOWS\System32\ADVAPI32.dll
[0428/094502.515:ERROR:process_memory_win.cc(73)] ReadMemory at 0x7ffb73860000 of 64 bytes failed: Only part of a ReadProcessMemory or WriteProcessMemory request was completed. (0x12B)
[0428/094502.515:WARNING:pe_image_reader.cc(340)] could not read dos header from C:\WINDOWS\System32\sechost.dll
[0428/094502.515:ERROR:process_memory_win.cc(73)] ReadMemory at 0x7ffb75050000 of 64 bytes failed: Only part of a ReadProcessMemory or WriteProcessMemory request was completed. (0x12B)
[0428/094502.515:WARNING:pe_image_reader.cc(340)] could not read dos header from C:\WINDOWS\System32\RPCRT4.dll
[0428/094502.515:ERROR:process_memory_win.cc(73)] ReadMemory at 0x7ffb21fa0000 of 64 bytes failed: Only part of a ReadProcessMemory or WriteProcessMemory request was completed. (0x12B)
[0428/094502.515:WARNING:pe_image_reader.cc(340)] could not read dos header from C:\Program Files (x86)\Google\Chrome\Application\81.0.4044.122\chrome.dll
[0428/094502.515:ERROR:process_memory_win.cc(73)] ReadMemory at 0x7ffb737c0000 of 64 bytes failed: Only part of a ReadProcessMemory or WriteProcessMemory request was completed. (0x12B)
[0428/094502.515:WARNING:pe_image_reader.cc(340)] could not read dos header from C:\WINDOWS\System32\WS2_32.dll
[0428/094502.515:ERROR:process_memory_win.cc(73)] ReadMemory at 0x22a82690000 of 64 bytes failed: Only part of a ReadProcessMemory or WriteProcessMemory request was completed. (0x12B)
[0428/094502.515:WARNING:pe_image_reader.cc(340)] could not read dos header from C:\WINDOWS\System32\OLEAUT32.dll
[0428/094502.515:ERROR:process_memory_win.cc(73)] ReadMemory at 0x7ffb72370000 of 64 bytes failed: Only part of a ReadProcessMemory or WriteProcessMemory request was completed. (0x12B)
[0428/094502.515:WARNING:pe_image_reader.cc(340)] could not read dos header from C:\WINDOWS\System32\msvcp_win.dll
[0428/094502.515:ERROR:process_memory_win.cc(73)] ReadMemory at 0x7ffb728d0000 of 64 bytes failed: Only part of a ReadProcessMemory or WriteProcessMemory request was completed. (0x12B)
[0428/094502.515:WARNING:pe_image_reader.cc(340)] could not read dos header from C:\WINDOWS\System32\ucrtbase.dll
[0428/094502.515:ERROR:process_memory_win.cc(73)] ReadMemory at 0x7ffb748a0000 of 64 bytes failed: Only part of a ReadProcessMemory or WriteProcessMemory request was completed. (0x12B)
[0428/094502.515:WARNING:pe_image_reader.cc(340)] could not read dos header from C:\WINDOWS\System32\combase.dll
[0428/094502.515:ERROR:process_memory_win.cc(73)] ReadMemory at 0x7ffb72850000 of 64 bytes failed: Only part of a ReadProcessMemory or WriteProcessMemory request was completed. (0x12B)
[0428/094502.515:WARNING:pe_image_reader.cc(340)] could not read dos header from C:\WINDOWS\System32\WINTRUST.dll
[0428/094502.515:ERROR:process_memory_win.cc(73)] ReadMemory at 0x7ffb72110000 of 64 bytes failed: Only part of a ReadProcessMemory or WriteProcessMemory request was completed. (0x12B)
[0428/094502.515:WARNING:pe_image_reader.cc(340)] could not read dos header from C:\WINDOWS\System32\MSASN1.dll
[0428/094502.515:ERROR:process_memory_win.cc(73)] ReadMemory at 0x7ffb72220000 of 64 bytes failed: Only part of a ReadProcessMemory or WriteProcessMemory request was completed. (0x12B)
[0428/094502.515:WARNING:pe_image_reader.cc(340)] could not read dos header from C:\WINDOWS\System32\CRYPT32.dll
[0428/094502.515:ERROR:process_memory_win.cc(73)] ReadMemory at 0x7ffb71680000 of 64 bytes failed: Only part of a ReadProcessMemory or WriteProcessMemory request was completed. (0x12B)
[0428/094502.515:WARNING:pe_image_reader.cc(340)] could not read dos header from C:\WINDOWS\SYSTEM32\IPHLPAPI.DLL
[0428/094502.516:ERROR:process_memory_win.cc(73)] ReadMemory at 0x7ffb6e460000 of 64 bytes failed: Only part of a ReadProcessMemory or WriteProcessMemory request was completed. (0x12B)
[0428/094502.516:WARNING:pe_image_reader.cc(340)] could not read dos header from C:\WINDOWS\SYSTEM32\WINMM.dll
[0428/094502.516:ERROR:process_memory_win.cc(73)] ReadMemory at 0x7ffb5e360000 of 64 bytes failed: Only part of a ReadProcessMemory or WriteProcessMemory request was completed. (0x12B)
[0428/094502.516:WARNING:pe_image_reader.cc(340)] could not read dos header from C:\WINDOWS\SYSTEM32\Secur32.dll
[0428/094502.516:ERROR:process_memory_win.cc(73)] ReadMemory at 0x7ffb72020000 of 64 bytes failed: Only part of a ReadProcessMemory or WriteProcessMemory request was completed. (0x12B)
[0428/094502.516:WARNING:pe_image_reader.cc(340)] could not read dos header from C:\WINDOWS\SYSTEM32\USERENV.dll
[0428/094502.516:ERROR:process_memory_win.cc(73)] ReadMemory at 0x7ffb72150000 of 64 bytes failed: Only part of a ReadProcessMemory or WriteProcessMemory request was completed. (0x12B)
[0428/094502.516:WARNING:pe_image_reader.cc(340)] could not read dos header from C:\WINDOWS\System32\profapi.dll
[0428/094502.516:ERROR:process_memory_win.cc(73)] ReadMemory at 0x7ffb53a70000 of 64 bytes failed: Only part of a ReadProcessMemory or WriteProcessMemory request was completed. (0x12B)
[0428/094502.516:WARNING:pe_image_reader.cc(340)] could not read dos header from C:\WINDOWS\SYSTEM32\UIAutomationCore.DLL
[0428/094502.516:ERROR:process_memory_win.cc(73)] ReadMemory at 0x7ffb5d520000 of 64 bytes failed: Only part of a ReadProcessMemory or WriteProcessMemory request was completed. (0x12B)
[0428/094502.516:WARNING:pe_image_reader.cc(340)] could not read dos header from C:\WINDOWS\SYSTEM32\DWrite.dll
[0428/094502.516:ERROR:process_memory_win.cc(73)] ReadMemory at 0x7ffb628d0000 of 64 bytes failed: Only part of a ReadProcessMemory or WriteProcessMemory request was completed. (0x12B)
[0428/094502.516:WARNING:pe_image_reader.cc(340)] could not read dos header from C:\WINDOWS\SYSTEM32\WINSPOOL.DRV
[0428/094502.516:ERROR:process_memory_win.cc(73)] ReadMemory at 0x7ffb72130000 of 64 bytes failed: Only part of a ReadProcessMemory or WriteProcessMemory request was completed. (0x12B)
[0428/094502.516:WARNING:pe_image_reader.cc(340)] could not read dos header from C:\WINDOWS\System32\kernel.appcore.dll
[0428/094502.516:ERROR:process_memory_win.cc(73)] ReadMemory at 0x7ffb727a0000 of 64 bytes failed: Only part of a ReadProcessMemory or WriteProcessMemory request was completed. (0x12B)
[0428/094502.516:WARNING:pe_image_reader.cc(340)] could not read dos header from C:\WINDOWS\System32\bcrypt.dll
[0428/094502.516:ERROR:process_memory_win.cc(73)] ReadMemory at 0x7ffb5fb00000 of 64 bytes failed: Only part of a ReadProcessMemory or WriteProcessMemory request was completed. (0x12B)
[0428/094502.516:WARNING:pe_image_reader.cc(340)] could not read dos header from C:\WINDOWS\SYSTEM32\dbghelp.dll
[0428/094502.516:ERROR:process_memory_win.cc(73)] ReadMemory at 0x7ffb63770000 of 64 bytes failed: Only part of a ReadProcessMemory or WriteProcessMemory request was completed. (0x12B)
[0428/094502.516:WARNING:pe_image_reader.cc(340)] could not read dos header from C:\WINDOWS\SYSTEM32\WINHTTP.dll
[0428/094502.516:ERROR:process_memory_win.cc(73)] ReadMemory at 0x7ffb66070000 of 64 bytes failed: Only part of a ReadProcessMemory or WriteProcessMemory request was completed. (0x12B)
[0428/094502.516:WARNING:pe_image_reader.cc(340)] could not read dos header from C:\WINDOWS\SYSTEM32\dhcpcsvc.DLL
[0428/094502.516:ERROR:process_memory_win.cc(73)] ReadMemory at 0x7ffb737b0000 of 64 bytes failed: Only part of a ReadProcessMemory or WriteProcessMemory request was completed. (0x12B)
[0428/094502.516:WARNING:pe_image_reader.cc(340)] could not read dos header from C:\WINDOWS\System32\NSI.dll
[0428/094502.516:ERROR:process_memory_win.cc(73)] ReadMemory at 0x7ffb6e430000 of 64 bytes failed: Only part of a ReadProcessMemory or WriteProcessMemory request was completed. (0x12B)
[0428/094502.516:WARNING:pe_image_reader.cc(340)] could not read dos header from C:\WINDOWS\SYSTEM32\WINMMBASE.dll
[0428/094502.516:ERROR:process_memory_win.cc(73)] ReadMemory at 0x7ffb721d0000 of 64 bytes failed: Only part of a ReadProcessMemory or WriteProcessMemory request was completed. (0x12B)
[0428/094502.516:WARNING:pe_image_reader.cc(340)] could not read dos header from C:\WINDOWS\System32\cfgmgr32.dll
[0428/094502.516:ERROR:process_memory_win.cc(73)] ReadMemory at 0x7ffb6e050000 of 64 bytes failed: Only part of a ReadProcessMemory or WriteProcessMemory request was completed. (0x12B)
[0428/094502.516:WARNING:pe_image_reader.cc(340)] could not read dos header from C:\WINDOWS\SYSTEM32\PROPSYS.dll
[0428/094502.516:ERROR:process_memory_win.cc(73)] ReadMemory at 0x7ffb74ed0000 of 64 bytes failed: Only part of a ReadProcessMemory or WriteProcessMemory request was completed. (0x12B)
[0428/094502.516:WARNING:pe_image_reader.cc(340)] could not read dos header from C:\WINDOWS\System32\shcore.dll
[0428/094502.516:ERROR:process_memory_win.cc(73)] ReadMemory at 0x7ffb71ff0000 of 64 bytes failed: Only part of a ReadProcessMemory or WriteProcessMemory request was completed. (0x12B)
[0428/094502.516:WARNING:pe_image_reader.cc(340)] could not read dos header from C:\WINDOWS\SYSTEM32\SSPICLI.DLL
[0428/094502.516:ERROR:process_memory_win.cc(73)] ReadMemory at 0x7ffb71b40000 of 64 bytes failed: Only part of a ReadProcessMemory or WriteProcessMemory request was completed. (0x12B)
[0428/094502.516:WARNING:pe_image_reader.cc(340)] could not read dos header from C:\WINDOWS\SYSTEM32\CRYPTBASE.DLL
[0428/094502.522:ERROR:process_memory_win.cc(73)] ReadMemory at 0xe767df6000 of 40960 bytes failed: Only part of a ReadProcessMemory or WriteProcessMemory request was completed. (0x12B)
[0428/094502.523:ERROR:process_memory_win.cc(73)] ReadMemory at 0xe7685fd000 of 12288 bytes failed: Only part of a ReadProcessMemory or WriteProcessMemory request was completed. (0x12B)
[0428/094502.523:ERROR:process_memory_win.cc(73)] ReadMemory at 0xe768dfc000 of 16384 bytes failed: Only part of a ReadProcessMemory or WriteProcessMemory request was completed. (0x12B)
[0428/094502.524:ERROR:process_memory_win.cc(73)] ReadMemory at 0xe7695fc000 of 16384 bytes failed: Only part of a ReadProcessMemory or WriteProcessMemory request was completed. (0x12B)
[0428/094502.524:ERROR:process_memory_win.cc(73)] ReadMemory at 0xe769dfc000 of 16384 bytes failed: Only part of a ReadProcessMemory or WriteProcessMemory request was completed. (0x12B)
[0428/094502.524:ERROR:process_memory_win.cc(73)] ReadMemory at 0xe76a5fe000 of 8192 bytes failed: Only part of a ReadProcessMemory or WriteProcessMemory request was completed. (0x12B)
[0428/094502.524:ERROR:process_memory_win.cc(73)] ReadMemory at 0xe76adfd000 of 12288 bytes failed: Only part of a ReadProcessMemory or WriteProcessMemory request was completed. (0x12B)
[0428/094502.525:ERROR:process_memory_win.cc(73)] ReadMemory at 0xe76b5fb000 of 20480 bytes failed: Only part of a ReadProcessMemory or WriteProcessMemory request was completed. (0x12B)
[0428/094502.525:ERROR:process_memory_win.cc(73)] ReadMemory at 0xe76bdfd000 of 12288 bytes failed: Only part of a ReadProcessMemory or WriteProcessMemory request was completed. (0x12B)
[0428/094502.525:ERROR:process_memory_win.cc(73)] ReadMemory at 0xe76c5fd000 of 12288 bytes failed: Only part of a ReadProcessMemory or WriteProcessMemory request was completed. (0x12B)
[0428/094502.525:ERROR:process_memory_win.cc(73)] ReadMemory at 0xe76cdfd000 of 12288 bytes failed: Only part of a ReadProcessMemory or WriteProcessMemory request was completed. (0x12B)
[0428/094502.525:ERROR:process_memory_win.cc(73)] ReadMemory at 0xe76d5fd000 of 12288 bytes failed: Only part of a ReadProcessMemory or WriteProcessMemory request was completed. (0x12B)
[0428/094502.526:ERROR:process_memory_win.cc(73)] ReadMemory at 0xe76ddfd000 of 12288 bytes failed: Only part of a ReadProcessMemory or WriteProcessMemory request was completed. (0x12B)
[0428/094502.526:ERROR:process_memory_win.cc(73)] ReadMemory at 0xe76e5fd000 of 12288 bytes failed: Only part of a ReadProcessMemory or WriteProcessMemory request was completed. (0x12B)
[0428/094502.526:ERROR:process_memory_win.cc(73)] ReadMemory at 0xe767598000 of 852 bytes failed: Only part of a ReadProcessMemory or WriteProcessMemory request was completed. (0x12B)
[0428/094502.526:ERROR:process_memory_win.cc(73)] ReadMemory at 0xe767599000 of 6024 bytes failed: Only part of a ReadProcessMemory or WriteProcessMemory request was completed. (0x12B)
[0428/094502.526:ERROR:process_memory_win.cc(73)] ReadMemory at 0xe76759b000 of 6024 bytes failed: Only part of a ReadProcessMemory or WriteProcessMemory request was completed. (0x12B)
[0428/094502.526:ERROR:process_memory_win.cc(73)] ReadMemory at 0xe76759d000 of 6024 bytes failed: Only part of a ReadProcessMemory or WriteProcessMemory request was completed. (0x12B)
[0428/094502.527:ERROR:process_memory_win.cc(73)] ReadMemory at 0xe76759f000 of 6024 bytes failed: Only part of a ReadProcessMemory or WriteProcessMemory request was completed. (0x12B)
[0428/094502.527:ERROR:process_memory_win.cc(73)] ReadMemory at 0xe7675a1000 of 6024 bytes failed: Only part of a ReadProcessMemory or WriteProcessMemory request was completed. (0x12B)
[0428/094502.527:ERROR:process_memory_win.cc(73)] ReadMemory at 0xe7675a3000 of 6024 bytes failed: Only part of a ReadProcessMemory or WriteProcessMemory request was completed. (0x12B)
[0428/094502.527:ERROR:process_memory_win.cc(73)] ReadMemory at 0xe7675a5000 of 6024 bytes failed: Only part of a ReadProcessMemory or WriteProcessMemory request was completed. (0x12B)
[0428/094502.527:ERROR:process_memory_win.cc(73)] ReadMemory at 0xe7675a7000 of 6024 bytes failed: Only part of a ReadProcessMemory or WriteProcessMemory request was completed. (0x12B)
[0428/094502.527:ERROR:process_memory_win.cc(73)] ReadMemory at 0xe7675a9000 of 6024 bytes failed: Only part of a ReadProcessMemory or WriteProcessMemory request was completed. (0x12B)
[0428/094502.528:ERROR:process_memory_win.cc(73)] ReadMemory at 0xe7675ab000 of 6024 bytes failed: Only part of a ReadProcessMemory or WriteProcessMemory request was completed. (0x12B)
[0428/094502.528:ERROR:process_memory_win.cc(73)] ReadMemory at 0xe7675ad000 of 6024 bytes failed: Only part of a ReadProcessMemory or WriteProcessMemory request was completed. (0x12B)
[0428/094502.528:ERROR:process_memory_win.cc(73)] ReadMemory at 0xe7675af000 of 6024 bytes failed: Only part of a ReadProcessMemory or WriteProcessMemory request was completed. (0x12B)
[0428/094502.528:ERROR:process_memory_win.cc(73)] ReadMemory at 0xe7675b1000 of 6024 bytes failed: Only part of a ReadProcessMemory or WriteProcessMemory request was completed. (0x12B)
[0428/094502.528:ERROR:process_memory_win.cc(73)] ReadMemory at 0xe7675b3000 of 6024 bytes failed: Only part of a ReadProcessMemory or WriteProcessMemory request was completed. (0x12B)
[0428/094502.528:ERROR:process_memory_win.cc(73)] ReadMemory at 0x22a82060750 of 80 bytes failed: Only part of a ReadProcessMemory or WriteProcessMemory request was completed. (0x12B)
[0428/094502.528:ERROR:process_memory_win.cc(73)] ReadMemory at 0x22a82060fe0 of 15114 bytes failed: Only part of a ReadProcessMemory or WriteProcessMemory request was completed. (0x12B)
[0428/094502.528:ERROR:process_memory_win.cc(73)] ReadMemory at 0x22a82064b00 of 1012 bytes failed: Only part of a ReadProcessMemory or WriteProcessMemory request was completed. (0x12B)
[0428/094502.528:ERROR:process_memory_win.cc(73)] ReadMemory at 0x22a82065148 of 118 bytes failed: Only part of a ReadProcessMemory or WriteProcessMemory request was completed. (0x12B)
[0428/094502.528:ERROR:process_memory_win.cc(73)] ReadMemory at 0x22a820651c0 of 754 bytes failed: Only part of a ReadProcessMemory or WriteProcessMemory request was completed. (0x12B)
[0428/094502.528:ERROR:process_memory_win.cc(73)] ReadMemory at 0x22a820654b4 of 118 bytes failed: Only part of a ReadProcessMemory or WriteProcessMemory request was completed. (0x12B)
[0428/094502.529:ERROR:process_memory_win.cc(73)] ReadMemory at 0x22a8206552c of 100 bytes failed: Only part of a ReadProcessMemory or WriteProcessMemory request was completed. (0x12B)
[0428/094502.529:ERROR:process_memory_win.cc(73)] ReadMemory at 0x22a820655a0 of 58 bytes failed: Only part of a ReadProcessMemory or WriteProcessMemory request was completed. (0x12B)
[0428/094502.529:ERROR:process_memory_win.cc(73)] ReadMemory at 0x22a820656a0 of 132 bytes failed: Only part of a ReadProcessMemory or WriteProcessMemory request was completed. (0x12B)
[0428/094502.529:ERROR:process_memory_win.cc(73)] ReadMemory at 0x22a82065830 of 132 bytes failed: Only part of a ReadProcessMemory or WriteProcessMemory request was completed. (0x12B)
[0428/094502.529:ERROR:process_memory_win.cc(73)] ReadMemory at 0x22a820659f0 of 126 bytes failed: Only part of a ReadProcessMemory or WriteProcessMemory request was completed. (0x12B)
[0428/094502.529:ERROR:process_memory_win.cc(73)] ReadMemory at 0x22a82065dd0 of 132 bytes failed: Only part of a ReadProcessMemory or WriteProcessMemory request was completed. (0x12B)
[0428/094502.529:ERROR:process_memory_win.cc(73)] ReadMemory at 0x22a82065f60 of 64 bytes failed: Only part of a ReadProcessMemory or WriteProcessMemory request was completed. (0x12B)
[0428/094502.529:ERROR:process_memory_win.cc(73)] ReadMemory at 0x22a82065fb0 of 132 bytes failed: Only part of a ReadProcessMemory or WriteProcessMemory request was completed. (0x12B)
[0428/094502.529:ERROR:process_memory_win.cc(73)] ReadMemory at 0x22a82066120 of 132 bytes failed: Only part of a ReadProcessMemory or WriteProcessMemory request was completed. (0x12B)
[0428/094502.529:ERROR:process_memory_win.cc(73)] ReadMemory at 0x22a820663c0 of 132 bytes failed: Only part of a ReadProcessMemory or WriteProcessMemory request was completed. (0x12B)
[0428/094502.529:ERROR:process_memory_win.cc(73)] ReadMemory at 0x22a82066550 of 68 bytes failed: Only part of a ReadProcessMemory or WriteProcessMemory request was completed. (0x12B)
[0428/094502.529:ERROR:process_memory_win.cc(73)] ReadMemory at 0x22a82067620 of 132 bytes failed: Only part of a ReadProcessMemory or WriteProcessMemory request was completed. (0x12B)
[0428/094502.529:ERROR:process_memory_win.cc(73)] ReadMemory at 0x22a820677b0 of 154 bytes failed: Only part of a ReadProcessMemory or WriteProcessMemory request was completed. (0x12B)
[0428/094502.529:ERROR:process_memory_win.cc(73)] ReadMemory at 0x22a820684f0 of 146 bytes failed: Only part of a ReadProcessMemory or WriteProcessMemory request was completed. (0x12B)
[0428/094502.529:ERROR:process_memory_win.cc(73)] ReadMemory at 0x22a820685d0 of 132 bytes failed: Only part of a ReadProcessMemory or WriteProcessMemory request was completed. (0x12B)
[0428/094502.529:ERROR:process_memory_win.cc(73)] ReadMemory at 0x22a82068760 of 60 bytes failed: Only part of a ReadProcessMemory or WriteProcessMemory request was completed. (0x12B)
[0428/094502.529:ERROR:process_memory_win.cc(73)] ReadMemory at 0x22a82068f40 of 62 bytes failed: Only part of a ReadProcessMemory or WriteProcessMemory request was completed. (0x12B)
[0428/094502.529:ERROR:process_memory_win.cc(73)] ReadMemory at 0x22a82069db0 of 132 bytes failed: Only part of a ReadProcessMemory or WriteProcessMemory request was completed. (0x12B)
[0428/094502.530:ERROR:process_memory_win.cc(73)] ReadMemory at 0x22a8206a810 of 512 bytes failed: Only part of a ReadProcessMemory or WriteProcessMemory request was completed. (0x12B)
[0428/094502.530:ERROR:process_memory_win.cc(73)] ReadMemory at 0x22a8206ab40 of 132 bytes failed: Only part of a ReadProcessMemory or WriteProcessMemory request was completed. (0x12B)
[0428/094502.530:ERROR:process_memory_win.cc(73)] ReadMemory at 0x22a8206dae0 of 64 bytes failed: Only part of a ReadProcessMemory or WriteProcessMemory request was completed. (0x12B)
[0428/094502.530:ERROR:process_memory_win.cc(73)] ReadMemory at 0x22a8206db30 of 60 bytes failed: Only part of a ReadProcessMemory or WriteProcessMemory request was completed. (0x12B)
[0428/094502.530:ERROR:process_memory_win.cc(73)] ReadMemory at 0x22a8206de00 of 60 bytes failed: Only part of a ReadProcessMemory or WriteProcessMemory request was completed. (0x12B)
[0428/094502.530:ERROR:process_memory_win.cc(73)] ReadMemory at 0x22a8206dea0 of 64 bytes failed: Only part of a ReadProcessMemory or WriteProcessMemory request was completed. (0x12B)
[0428/094502.530:ERROR:process_memory_win.cc(73)] ReadMemory at 0x22a8206df40 of 64 bytes failed: Only part of a ReadProcessMemory or WriteProcessMemory request was completed. (0x12B)
[0428/094502.530:ERROR:process_memory_win.cc(73)] ReadMemory at 0x22a8206dfe0 of 66 bytes failed: Only part of a ReadProcessMemory or WriteProcessMemory request was completed. (0x12B)
[0428/094502.530:ERROR:process_memory_win.cc(73)] ReadMemory at 0x22a8206e030 of 62 bytes failed: Only part of a ReadProcessMemory or WriteProcessMemory request was completed. (0x12B)
[0428/094502.530:ERROR:process_memory_win.cc(73)] ReadMemory at 0x22a8206e0d0 of 62 bytes failed: Only part of a ReadProcessMemory or WriteProcessMemory request was completed. (0x12B)
[0428/094502.530:ERROR:process_memory_win.cc(73)] ReadMemory at 0x22a8206e170 of 64 bytes failed: Only part of a ReadProcessMemory or WriteProcessMemory request was completed. (0x12B)
[0428/094502.530:ERROR:process_memory_win.cc(73)] ReadMemory at 0x22a8206e850 of 76 bytes failed: Only part of a ReadProcessMemory or WriteProcessMemory request was completed. (0x12B)
[0428/094502.530:ERROR:process_memory_win.cc(73)] ReadMemory at 0x22a8206ef10 of 80 bytes failed: Only part of a ReadProcessMemory or WriteProcessMemory request was completed. (0x12B)
[0428/094502.530:ERROR:process_memory_win.cc(73)] ReadMemory at 0x22a82071940 of 132 bytes failed: Only part of a ReadProcessMemory or WriteProcessMemory request was completed. (0x12B)
[0428/094502.530:ERROR:process_memory_win.cc(73)] ReadMemory at 0x22a820724a0 of 54 bytes failed: Only part of a ReadProcessMemory or WriteProcessMemory request was completed. (0x12B)
[0428/094502.530:ERROR:process_memory_win.cc(73)] ReadMemory at 0x22a82073480 of 132 bytes failed: Only part of a ReadProcessMemory or WriteProcessMemory request was completed. (0x12B)
[0428/094502.530:ERROR:process_memory_win.cc(73)] ReadMemory at 0x22a82073e90 of 132 bytes failed: Only part of a ReadProcessMemory or WriteProcessMemory request was completed. (0x12B)
[0428/094502.530:ERROR:process_memory_win.cc(73)] ReadMemory at 0x22a82075aa0 of 132 bytes failed: Only part of a ReadProcessMemory or WriteProcessMemory request was completed. (0x12B)
[0428/094502.530:ERROR:process_memory_win.cc(73)] ReadMemory at 0x22a82075cc0 of 132 bytes failed: Only part of a ReadProcessMemory or WriteProcessMemory request was completed. (0x12B)
[0428/094502.530:ERROR:process_memory_win.cc(73)] ReadMemory at 0x22a82076020 of 132 bytes failed: Only part of a ReadProcessMemory or WriteProcessMemory request was completed. (0x12B)
[0428/094502.531:ERROR:process_memory_win.cc(73)] ReadMemory at 0x22a82076ec0 of 132 bytes failed: Only part of a ReadProcessMemory or WriteProcessMemory request was completed. (0x12B)
[0428/094502.531:ERROR:process_memory_win.cc(73)] ReadMemory at 0x22a82078b80 of 132 bytes failed: Only part of a ReadProcessMemory or WriteProcessMemory request was completed. (0x12B)
[0428/094502.531:ERROR:process_memory_win.cc(73)] ReadMemory at 0x22a82078cb0 of 132 bytes failed: Only part of a ReadProcessMemory or WriteProcessMemory request was completed. (0x12B)
[0428/094502.531:ERROR:process_memory_win.cc(73)] ReadMemory at 0x22a82078de0 of 132 bytes failed: Only part of a ReadProcessMemory or WriteProcessMemory request was completed. (0x12B)
[0428/094502.531:ERROR:process_memory_win.cc(73)] ReadMemory at 0x22a82079040 of 132 bytes failed: Only part of a ReadProcessMemory or WriteProcessMemory request was completed. (0x12B)
[0428/094502.531:ERROR:process_memory_win.cc(73)] ReadMemory at 0x22a82079170 of 132 bytes failed: Only part of a ReadProcessMemory or WriteProcessMemory request was completed. (0x12B)
[0428/094502.531:ERROR:process_memory_win.cc(73)] ReadMemory at 0x22a820792a0 of 132 bytes failed: Only part of a ReadProcessMemory or WriteProcessMemory request was completed. (0x12B)
[0428/094502.531:ERROR:process_memory_win.cc(73)] ReadMemory at 0x22a820793d0 of 132 bytes failed: Only part of a ReadProcessMemory or WriteProcessMemory request was completed. (0x12B)
[0428/094502.531:ERROR:process_memory_win.cc(73)] ReadMemory at 0x22a82079500 of 132 bytes failed: Only part of a ReadProcessMemory or WriteProcessMemory request was completed. (0x12B)
[0428/094502.531:ERROR:process_memory_win.cc(73)] ReadMemory at 0x22a82079630 of 132 bytes failed: Only part of a ReadProcessMemory or WriteProcessMemory request was completed. (0x12B)
[0428/094502.531:ERROR:process_memory_win.cc(73)] ReadMemory at 0x22a82079760 of 132 bytes failed: Only part of a ReadProcessMemory or WriteProcessMemory request was completed. (0x12B)
[0428/094502.531:ERROR:process_memory_win.cc(73)] ReadMemory at 0x22a82079890 of 132 bytes failed: Only part of a ReadProcessMemory or WriteProcessMemory request was completed. (0x12B)
[0428/094502.531:ERROR:process_memory_win.cc(73)] ReadMemory at 0x22a820799c0 of 132 bytes failed: Only part of a ReadProcessMemory or WriteProcessMemory request was completed. (0x12B)
[0428/094502.531:ERROR:process_memory_win.cc(73)] ReadMemory at 0x22a82079fd0 of 62 bytes failed: Only part of a ReadProcessMemory or WriteProcessMemory request was completed. (0x12B)
[0428/094502.531:ERROR:process_memory_win.cc(73)] ReadMemory at 0x22a8207a020 of 60 bytes failed: Only part of a ReadProcessMemory or WriteProcessMemory request was completed. (0x12B)
[0428/094502.531:ERROR:process_memory_win.cc(73)] ReadMemory at 0x22a8207a070 of 60 bytes failed: Only part of a ReadProcessMemory or WriteProcessMemory request was completed. (0x12B)
[0428/094502.531:ERROR:process_memory_win.cc(73)] ReadMemory at 0x22a8207a250 of 62 bytes failed: Only part of a ReadProcessMemory or WriteProcessMemory request was completed. (0x12B)
[0428/094502.531:ERROR:process_memory_win.cc(73)] ReadMemory at 0x22a8207a2a0 of 62 bytes failed: Only part of a ReadProcessMemory or WriteProcessMemory request was completed. (0x12B)
[0428/094502.531:ERROR:process_memory_win.cc(73)] ReadMemory at 0x22a8207a2f0 of 62 bytes failed: Only part of a ReadProcessMemory or WriteProcessMemory request was completed. (0x12B)
[0428/094502.532:ERROR:process_memory_win.cc(73)] ReadMemory at 0x22a8207a340 of 62 bytes failed: Only part of a ReadProcessMemory or WriteProcessMemory request was completed. (0x12B)
[0428/094502.532:ERROR:process_memory_win.cc(73)] ReadMemory at 0x22a8207a4d0 of 64 bytes failed: Only part of a ReadProcessMemory or WriteProcessMemory request was completed. (0x12B)
[0428/094502.532:ERROR:process_memory_win.cc(73)] ReadMemory at 0x22a8207a5c0 of 62 bytes failed: Only part of a ReadProcessMemory or WriteProcessMemory request was completed. (0x12B)
[0428/094502.532:ERROR:process_memory_win.cc(73)] ReadMemory at 0x22a8207a610 of 62 bytes failed: Only part of a ReadProcessMemory or WriteProcessMemory request was completed. (0x12B)
[0428/094502.532:ERROR:process_memory_win.cc(73)] ReadMemory at 0x22a8207a750 of 66 bytes failed: Only part of a ReadProcessMemory or WriteProcessMemory request was completed. (0x12B)
[0428/094502.532:ERROR:process_memory_win.cc(73)] ReadMemory at 0x22a8207a7f0 of 58 bytes failed: Only part of a ReadProcessMemory or WriteProcessMemory request was completed. (0x12B)
[0428/094502.532:ERROR:process_memory_win.cc(73)] ReadMemory at 0x22a8207a890 of 64 bytes failed: Only part of a ReadProcessMemory or WriteProcessMemory request was completed. (0x12B)
[0428/094502.532:ERROR:process_memory_win.cc(73)] ReadMemory at 0x22a8207a930 of 64 bytes failed: Only part of a ReadProcessMemory or WriteProcessMemory request was completed. (0x12B)
[0428/094502.532:ERROR:process_memory_win.cc(73)] ReadMemory at 0x22a8207aac0 of 62 bytes failed: Only part of a ReadProcessMemory or WriteProcessMemory request was completed. (0x12B)
[0428/094502.532:ERROR:process_memory_win.cc(73)] ReadMemory at 0x22a8207acf0 of 60 bytes failed: Only part of a ReadProcessMemory or WriteProcessMemory request was completed. (0x12B)
[0428/094502.532:ERROR:process_memory_win.cc(73)] ReadMemory at 0x22a8207ae80 of 64 bytes failed: Only part of a ReadProcessMemory or WriteProcessMemory request was completed. (0x12B)
[0428/094502.532:ERROR:process_memory_win.cc(73)] ReadMemory at 0x22a8207aed0 of 60 bytes failed: Only part of a ReadProcessMemory or WriteProcessMemory request was completed. (0x12B)
[0428/094502.532:ERROR:process_memory_win.cc(73)] ReadMemory at 0x22a8207b110 of 132 bytes failed: Only part of a ReadProcessMemory or WriteProcessMemory request was completed. (0x12B)
[0428/094502.532:ERROR:process_memory_win.cc(73)] ReadMemory at 0x22a8207b240 of 132 bytes failed: Only part of a ReadProcessMemory or WriteProcessMemory request was completed. (0x12B)
[0428/094502.532:ERROR:process_memory_win.cc(73)] ReadMemory at 0x22a8207bbc0 of 132 bytes failed: Only part of a ReadProcessMemory or WriteProcessMemory request was completed. (0x12B)
[0428/094502.532:ERROR:process_memory_win.cc(73)] ReadMemory at 0x22a8207c2e0 of 132 bytes failed: Only part of a ReadProcessMemory or WriteProcessMemory request was completed. (0x12B)
[0428/094502.532:ERROR:process_memory_win.cc(73)] ReadMemory at 0x22a8207c410 of 132 bytes failed: Only part of a ReadProcessMemory or WriteProcessMemory request was completed. (0x12B)
[0428/094502.532:ERROR:process_memory_win.cc(73)] ReadMemory at 0x22a8207c670 of 132 bytes failed: Only part of a ReadProcessMemory or WriteProcessMemory request was completed. (0x12B)
[0428/094502.532:ERROR:process_memory_win.cc(73)] ReadMemory at 0x22a8207c7a0 of 132 bytes failed: Only part of a ReadProcessMemory or WriteProcessMemory request was completed. (0x12B)
[0428/094502.532:ERROR:process_memory_win.cc(73)] ReadMemory at 0x22a8207c8d0 of 132 bytes failed: Only part of a ReadProcessMemory or WriteProcessMemory request was completed. (0x12B)
[0428/094502.533:ERROR:process_memory_win.cc(73)] ReadMemory at 0x22a8207ca00 of 132 bytes failed: Only part of a ReadProcessMemory or WriteProcessMemory request was completed. (0x12B)
[0428/094502.533:ERROR:process_memory_win.cc(73)] ReadMemory at 0x22a8207cb30 of 132 bytes failed: Only part of a ReadProcessMemory or WriteProcessMemory request was completed. (0x12B)
[0428/094502.533:ERROR:process_memory_win.cc(73)] ReadMemory at 0x22a820931e0 of 512 bytes failed: Only part of a ReadProcessMemory or WriteProcessMemory request was completed. (0x12B)
[0428/094502.533:ERROR:process_memory_win.cc(73)] ReadMemory at 0x22a822a1fc0 of 512 bytes failed: Only part of a ReadProcessMemory or WriteProcessMemory request was completed. (0x12B)
[0428/094502.533:ERROR:process_memory_win.cc(73)] ReadMemory at 0x22a827a06d0 of 512 bytes failed: Only part of a ReadProcessMemory or WriteProcessMemory request was completed. (0x12B)
[0428/094502.533:ERROR:process_memory_win.cc(73)] ReadMemory at 0x22a827a4250 of 912 bytes failed: Only part of a ReadProcessMemory or WriteProcessMemory request was completed. (0x12B)
[0428/094502.533:ERROR:process_memory_win.cc(73)] ReadMemory at 0x22a827a4920 of 512 bytes failed: Only part of a ReadProcessMemory or WriteProcessMemory request was completed. (0x12B)
[0428/094502.533:ERROR:process_memory_win.cc(73)] ReadMemory at 0x22a827c7bc0 of 712 bytes failed: Only part of a ReadProcessMemory or WriteProcessMemory request was completed. (0x12B)
[0428/094502.533:ERROR:process_memory_win.cc(73)] ReadMemory at 0x22a82811b50 of 512 bytes failed: Only part of a ReadProcessMemory or WriteProcessMemory request was completed. (0x12B)
[0428/094502.533:ERROR:process_memory_win.cc(73)] ReadMemory at 0x22a83fa7fc0 of 512 bytes failed: Only part of a ReadProcessMemory or WriteProcessMemory request was completed. (0x12B)
[0428/094502.533:ERROR:process_memory_win.cc(73)] ReadMemory at 0x22a84087fe0 of 512 bytes failed: Only part of a ReadProcessMemory or WriteProcessMemory request was completed. (0x12B)
[0428/094502.533:ERROR:process_memory_win.cc(73)] ReadMemory at 0x517b70eb5368 of 512 bytes failed: Only part of a ReadProcessMemory or WriteProcessMemory request was completed. (0x12B)
[0428/094502.533:ERROR:process_memory_win.cc(73)] ReadMemory at 0x7ffb24658e5c of 512 bytes failed: Only part of a ReadProcessMemory or WriteProcessMemory request was completed. (0x12B)
[0428/094502.533:ERROR:process_memory_win.cc(73)] ReadMemory at 0x7ffb254754bf of 512 bytes failed: Only part of a ReadProcessMemory or WriteProcessMemory request was completed. (0x12B)
[0428/094502.533:ERROR:process_memory_win.cc(73)] ReadMemory at 0x7ffb295319c0 of 512 bytes failed: Only part of a ReadProcessMemory or WriteProcessMemory request was completed. (0x12B)
[0428/094502.533:ERROR:process_memory_win.cc(73)] ReadMemory at 0x7ffb7267b6e0 of 512 bytes failed: Only part of a ReadProcessMemory or WriteProcessMemory request was completed. (0x12B)
[0428/094502.533:ERROR:process_memory_win.cc(73)] ReadMemory at 0x7ffb752dc074 of 672 bytes failed: Only part of a ReadProcessMemory or WriteProcessMemory request was completed. (0x12B)
[0428/094502.533:ERROR:process_memory_win.cc(73)] ReadMemory at 0x7ffb752dc674 of 512 bytes failed: Only part of a ReadProcessMemory or WriteProcessMemory request was completed. (0x12B)
[0428/094502.533:ERROR:process_memory_win.cc(73)] ReadMemory at 0x7ffb752df924 of 608 bytes failed: Only part of a ReadProcessMemory or WriteProcessMemory request was completed. (0x12B)
[0428/094502.534:ERROR:process_memory_win.cc(73)] ReadMemory at 0x7ffb7536c428 of 18 bytes failed: Only part of a ReadProcessMemory or WriteProcessMemory request was completed. (0x12B)
[0428/094502.534:ERROR:process_memory_win.cc(73)] ReadMemory at 0x7ffb7539f4f8 of 40 bytes failed: Only part of a ReadProcessMemory or WriteProcessMemory request was completed. (0x12B)
[0428/094502.534:ERROR:process_memory_win.cc(73)] ReadMemory at 0x7ffb7539f978 of 48 bytes failed: Only part of a ReadProcessMemory or WriteProcessMemory request was completed. (0x12B)
[0428/094502.534:ERROR:process_memory_win.cc(73)] ReadMemory at 0x7ffb753a53c0 of 64 bytes failed: Only part of a ReadProcessMemory or WriteProcessMemory request was completed. (0x12B)
[0428/094502.535:ERROR:scoped_process_suspend.cc(40)] NtResumeProcess: An attempt was made to access an exiting process. (0xc000010a)
